[0.077s] Invoking command in '/home/ubuntu/software_intro_task_big_dir/build/teleop_msgs': CMAKE_PREFIX_PATH=/opt/ros/galactic /usr/bin/cmake --build /home/ubuntu/software_intro_task_big_dir/build/teleop_msgs -- -j1 -l1
[0.109s] -- Found ament_cmake_auto: 1.1.6 (/opt/ros/galactic/share/ament_cmake_auto/cmake)
[0.127s] -- Found PythonInterp: /usr/bin/python3 (found suitable version "3.8.10", minimum required is "3") 
[0.128s] -- Using PYTHON_EXECUTABLE: /usr/bin/python3
[0.270s] -- Using single rosidl_typesupport_c: rosidl_typesupport_introspection_c
[0.274s] -- Found rosidl_adapter: 2.2.3 (/opt/ros/galactic/share/rosidl_adapter/cmake)
[0.291s] -- Using single rosidl_typesupport_cpp: rosidl_typesupport_introspection_cpp
[0.351s] -- Found rmw_implementation_cmake: 3.3.1 (/opt/ros/galactic/share/rmw_implementation_cmake/cmake)
[0.353s] -- Found rmw_cyclonedds_cpp: 0.22.6 (/opt/ros/galactic/share/rmw_cyclonedds_cpp/cmake)
[0.372s] -- Using RMW implementation 'rmw_cyclonedds_cpp' as default
[0.638s] -- Found PythonInterp: /usr/bin/python3 (found version "3.8.10") 
[0.827s] CMake Error at /opt/ros/galactic/share/rosidl_adapter/cmake/rosidl_adapt_interfaces.cmake:60 (message):
[0.827s]   execute_process(/usr/bin/python3 -m rosidl_adapter --package-name
[0.827s]   teleop_msgs --arguments-file
[0.827s]   /home/ubuntu/software_intro_task_big_dir/build/teleop_msgs/rosidl_adapter__arguments__teleop_msgs.json
[0.827s]   --output-dir
[0.827s]   /home/ubuntu/software_intro_task_big_dir/build/teleop_msgs/rosidl_adapter/teleop_msgs
[0.831s]   --output-file
[0.831s]   /home/ubuntu/software_intro_task_big_dir/build/teleop_msgs/rosidl_adapter/teleop_msgs.idls)
[0.831s]   returned error code 1:
[0.831s] 
[0.831s]   Error processing 'floa232 brake' of 'teleop_msgs/VehicleControlData':
[0.831s]   ''floa232' is an invalid message name.  It should have the pattern
[0.831s]   '^[A-Z][A-Za-z0-9]*$''
[0.831s] 
[0.831s]   Traceback (most recent call last):
[0.831s] 
[0.831s]     File "/usr/lib/python3.8/runpy.py", line 194, in _run_module_as_main
[0.831s]       return _run_code(code, main_globals, None,
[0.831s]     File "/usr/lib/python3.8/runpy.py", line 87, in _run_code
[0.832s]       exec(code, run_globals)
[0.832s]     File "/opt/ros/galactic/lib/python3.8/site-packages/rosidl_adapter/__main__.py", line 19, in <module>
[0.832s]       sys.exit(main())
[0.832s]     File "/opt/ros/galactic/lib/python3.8/site-packages/rosidl_adapter/main.py", line 53, in main
[0.832s]       abs_idl_file = convert_to_idl(
[0.832s]     File "/opt/ros/galactic/lib/python3.8/site-packages/rosidl_adapter/__init__.py", line 19, in convert_to_idl
[0.832s]       return convert_msg_to_idl(
[0.832s]     File "/opt/ros/galactic/lib/python3.8/site-packages/rosidl_adapter/msg/__init__.py", line 28, in convert_msg_to_idl
[0.832s]       msg = parse_message_string(package_name, input_file.stem, content)
[0.832s]     File "/opt/ros/galactic/lib/python3.8/site-packages/rosidl_adapter/parser.py", line 516, in parse_message_string
[0.832s]       Type(type_string, context_package_name=pkg_name),
[0.832s]     File "/opt/ros/galactic/lib/python3.8/site-packages/rosidl_adapter/parser.py", line 276, in __init__
[0.832s]       super(Type, self).__init__(
[0.832s]     File "/opt/ros/galactic/lib/python3.8/site-packages/rosidl_adapter/parser.py", line 204, in __init__
[0.832s]       raise InvalidResourceName(
[0.832s] 
[0.832s]   rosidl_adapter.parser.InvalidResourceName: 'floa232' is an invalid message
[0.832s]   name.  It should have the pattern '^[A-Z][A-Za-z0-9]*$'
[0.832s] 
[0.832s] Call Stack (most recent call first):
[0.832s]   /opt/ros/galactic/share/rosidl_cmake/cmake/rosidl_generate_interfaces.cmake:130 (rosidl_adapt_interfaces)
[0.832s]   CMakeLists.txt:41 (rosidl_generate_interfaces)
[0.832s] 
[0.833s] 
[0.842s] -- Configuring incomplete, errors occurred!
[0.842s] See also "/home/ubuntu/software_intro_task_big_dir/build/teleop_msgs/CMakeFiles/CMakeOutput.log".
[0.842s] See also "/home/ubuntu/software_intro_task_big_dir/build/teleop_msgs/CMakeFiles/CMakeError.log".
[0.842s] make: *** [Makefile:796: cmake_check_build_system] Error 1
[0.843s] Invoked command in '/home/ubuntu/software_intro_task_big_dir/build/teleop_msgs' returned '2': CMAKE_PREFIX_PATH=/opt/ros/galactic /usr/bin/cmake --build /home/ubuntu/software_intro_task_big_dir/build/teleop_msgs -- -j1 -l1
